<?xml version="1.0" encoding="UTF-8"?>
<Site BuildName="(empty)"
	BuildStamp="20210519-0839-Experimental"
	Name="ubuntu"
	Generator="ctest-3.10.2"
	CompilerName="/usr/bin/x86_64-linux-gnu-g++-7"
	CompilerVersion="7.5.0"
	OSName="Linux"
	Hostname="ubuntu"
	OSRelease="5.4.0-73-generic"
	OSVersion="#82~18.04.1-Ubuntu SMP Fri Apr 16 15:10:02 UTC 2021"
	OSPlatform="x86_64"
	Is64Bits="1"
	VendorString="AuthenticAMD"
	VendorID="Advanced Micro Devices"
	FamilyID="23"
	ModelID="96"
	ProcessorCacheSize="512"
	NumberOfLogicalCPU="8"
	NumberOfPhysicalCPU="8"
	TotalVirtualMemory="2047"
	TotalPhysicalMemory="7933"
	LogicalProcessorsPerPhysical="1"
	ProcessorClockFrequency="2095.99"
	>
	<Testing>
		<StartDateTime>May 19 16:39 CST</StartDateTime>
		<StartTestTime>1621413595</StartTestTime>
		<TestList/>
		<EndDateTime>May 19 16:39 CST</EndDateTime>
		<EndTestTime>1621413595</EndTestTime>
		<ElapsedMinutes>0</ElapsedMinutes>
	</Testing>
</Site>
